<?xml version="1.0" encoding="UTF-8"?>
<!-- Generated by org.testng.reporters.JUnitReportReporter -->
<testsuite skipped="0" hostname="ASDP1749PO02529" name="com.qait.HRIS.test.LoginPageTest" tests="3" failures="0" timestamp="28 Jun 2018 09:31:59 GMT" time="4.583" errors="0">
  <testcase name="loginWithWrongCredentials" time="0.758" classname="com.qait.HRIS.test.LoginPageTest"/>
  <testcase name="log" time="2.916" classname="com.qait.HRIS.test.LoginPageTest"/>
  <testcase name="timeSheet" time="0.909" classname="com.qait.HRIS.test.LoginPageTest"/>
</testsuite> <!-- com.qait.HRIS.test.LoginPageTest -->
